[2023-09-13 15:40:22:531][main] [INFO ] o.s.web.servlet.DispatcherServlet - Initializing Servlet 'dispatcher'
[2023-09-13 15:40:23:1443][main] [INFO ] o.s.web.servlet.DispatcherServlet - Completed initialization in 911 ms
[2023-09-13 16:11:57:525][main] [INFO ] o.s.web.servlet.DispatcherServlet - Initializing Servlet 'dispatcher'
[2023-09-13 16:11:58:1420][main] [INFO ] o.s.web.servlet.DispatcherServlet - Completed initialization in 894 ms
[2023-09-13 16:14:03:559][Catalina-utility-1] [INFO ] o.s.web.servlet.DispatcherServlet - Initializing Servlet 'dispatcher'
[2023-09-13 16:14:04:1740][Catalina-utility-1] [INFO ] o.s.web.servlet.DispatcherServlet - Completed initialization in 1180 ms
[2023-09-13 16:15:14:406][Catalina-utility-1] [INFO ] o.s.web.servlet.DispatcherServlet - Initializing Servlet 'dispatcher'
[2023-09-13 16:15:15:1514][Catalina-utility-1] [INFO ] o.s.web.servlet.DispatcherServlet - Completed initialization in 1107 ms
[2023-09-13 16:15:28:401][Catalina-utility-2] [INFO ] o.s.web.servlet.DispatcherServlet - Initializing Servlet 'dispatcher'
[2023-09-13 16:15:29:1485][Catalina-utility-2] [INFO ] o.s.web.servlet.DispatcherServlet - Completed initialization in 1083 ms
[2023-09-13 16:16:04:418][Catalina-utility-1] [INFO ] o.s.web.servlet.DispatcherServlet - Initializing Servlet 'dispatcher'
[2023-09-13 16:16:05:1516][Catalina-utility-1] [INFO ] o.s.web.servlet.DispatcherServlet - Completed initialization in 1097 ms
[2023-09-13 16:17:04:422][Catalina-utility-1] [INFO ] o.s.web.servlet.DispatcherServlet - Initializing Servlet 'dispatcher'
[2023-09-13 16:17:05:1512][Catalina-utility-1] [INFO ] o.s.web.servlet.DispatcherServlet - Completed initialization in 1089 ms
[2023-09-13 16:17:18:392][Catalina-utility-2] [INFO ] o.s.web.servlet.DispatcherServlet - Initializing Servlet 'dispatcher'
[2023-09-13 16:17:19:1423][Catalina-utility-2] [INFO ] o.s.web.servlet.DispatcherServlet - Completed initialization in 1030 ms
[2023-09-13 16:17:31:383][Catalina-utility-1] [INFO ] o.s.web.servlet.DispatcherServlet - Initializing Servlet 'dispatcher'
[2023-09-13 16:17:32:1453][Catalina-utility-1] [INFO ] o.s.web.servlet.DispatcherServlet - Completed initialization in 1069 ms
[2023-09-13 16:18:07:418][Catalina-utility-2] [INFO ] o.s.web.servlet.DispatcherServlet - Initializing Servlet 'dispatcher'
[2023-09-13 16:18:08:1422][Catalina-utility-2] [INFO ] o.s.web.servlet.DispatcherServlet - Completed initialization in 1003 ms
[2023-09-13 16:22:16:441][Catalina-utility-1] [INFO ] o.s.web.servlet.DispatcherServlet - Initializing Servlet 'dispatcher'
[2023-09-13 16:22:17:1501][Catalina-utility-1] [INFO ] o.s.web.servlet.DispatcherServlet - Completed initialization in 1059 ms
[2023-09-13 16:22:41:433][Catalina-utility-1] [INFO ] o.s.web.servlet.DispatcherServlet - Initializing Servlet 'dispatcher'
[2023-09-13 16:22:42:1474][Catalina-utility-1] [INFO ] o.s.web.servlet.DispatcherServlet - Completed initialization in 1041 ms
[2023-09-13 16:22:55:401][Catalina-utility-2] [INFO ] o.s.web.servlet.DispatcherServlet - Initializing Servlet 'dispatcher'
[2023-09-13 16:22:56:1441][Catalina-utility-2] [INFO ] o.s.web.servlet.DispatcherServlet - Completed initialization in 1040 ms
[2023-09-13 16:26:14:412][Catalina-utility-2] [INFO ] o.s.web.servlet.DispatcherServlet - Initializing Servlet 'dispatcher'
[2023-09-13 16:26:15:1471][Catalina-utility-2] [WARN ] o.s.w.c.s.AnnotationConfigWebApplicationContext - Exception encountered during context initialization - cancelling refresh attempt: org.springframework.beans.factory.BeanCreationException: Error creating bean with name 'boardController' defined in com.angkko.config.BoardConfig: Bean instantiation via factory method failed; nested exception is org.springframework.beans.BeanInstantiationException: Failed to instantiate [com.angkko.controller.BoardController]: Factory method 'boardController' threw exception; nested exception is java.lang.Error: Unresolved compilation problems: 
	Syntax error, insert "}" to complete ClassBody
	Syntax error on token ")", { expected after this token

[2023-09-13 16:26:15:1473][Catalina-utility-2] [ERROR] o.s.web.servlet.DispatcherServlet - Context initialization failed
org.springframework.beans.factory.BeanCreationException: Error creating bean with name 'boardController' defined in com.angkko.config.BoardConfig: Bean instantiation via factory method failed; nested exception is org.springframework.beans.BeanInstantiationException: Failed to instantiate [com.angkko.controller.BoardController]: Factory method 'boardController' threw exception; nested exception is java.lang.Error: Unresolved compilation problems: 
	Syntax error, insert "}" to complete ClassBody
	Syntax error on token ")", { expected after this token

	at org.springframework.beans.factory.support.ConstructorResolver.instantiate(ConstructorResolver.java:658)
	at org.springframework.beans.factory.support.ConstructorResolver.instantiateUsingFactoryMethod(ConstructorResolver.java:486)
	at org.springframework.beans.factory.support.AbstractAutowireCapableBeanFactory.instantiateUsingFactoryMethod(AbstractAutowireCapableBeanFactory.java:1352)
	at org.springframework.beans.factory.support.AbstractAutowireCapableBeanFactory.createBeanInstance(AbstractAutowireCapableBeanFactory.java:1195)
	at org.springframework.beans.factory.support.AbstractAutowireCapableBeanFactory.doCreateBean(AbstractAutowireCapableBeanFactory.java:582)
	at org.springframework.beans.factory.support.AbstractAutowireCapableBeanFactory.createBean(AbstractAutowireCapableBeanFactory.java:542)
	at org.springframework.beans.factory.support.AbstractBeanFactory.lambda$doGetBean$0(AbstractBeanFactory.java:335)
	at org.springframework.beans.factory.support.DefaultSingletonBeanRegistry.getSingleton(DefaultSingletonBeanRegistry.java:234)
	at org.springframework.beans.factory.support.AbstractBeanFactory.doGetBean(AbstractBeanFactory.java:333)
	at org.springframework.beans.factory.support.AbstractBeanFactory.getBean(AbstractBeanFactory.java:208)
	at org.springframework.beans.factory.support.DefaultListableBeanFactory.preInstantiateSingletons(DefaultListableBeanFactory.java:955)
	at org.springframework.context.support.AbstractApplicationContext.finishBeanFactoryInitialization(AbstractApplicationContext.java:921)
	at org.springframework.context.support.AbstractApplicationContext.refresh(AbstractApplicationContext.java:583)
	at org.springframework.web.servlet.FrameworkServlet.configureAndRefreshWebApplicationContext(FrameworkServlet.java:702)
	at org.springframework.web.servlet.FrameworkServlet.createWebApplicationContext(FrameworkServlet.java:668)
	at org.springframework.web.servlet.FrameworkServlet.createWebApplicationContext(FrameworkServlet.java:716)
	at org.springframework.web.servlet.FrameworkServlet.initWebApplicationContext(FrameworkServlet.java:591)
	at org.springframework.web.servlet.FrameworkServlet.initServletBean(FrameworkServlet.java:530)
	at org.springframework.web.servlet.HttpServletBean.init(HttpServletBean.java:170)
	at javax.servlet.GenericServlet.init(GenericServlet.java:143)
	at org.apache.catalina.core.StandardWrapper.initServlet(StandardWrapper.java:1106)
	at org.apache.catalina.core.StandardWrapper.loadServlet(StandardWrapper.java:1063)
	at org.apache.catalina.core.StandardWrapper.load(StandardWrapper.java:960)
	at org.apache.catalina.core.StandardContext.loadOnStartup(StandardContext.java:4641)
	at org.apache.catalina.core.StandardContext.startInternal(StandardContext.java:4948)
	at org.apache.catalina.util.LifecycleBase.start(LifecycleBase.java:171)
	at org.apache.catalina.core.StandardContext.reload(StandardContext.java:3581)
	at org.apache.catalina.loader.WebappLoader.backgroundProcess(WebappLoader.java:309)
	at org.apache.catalina.core.StandardContext.backgroundProcess(StandardContext.java:5276)
	at org.apache.catalina.core.ContainerBase$ContainerBackgroundProcessor.processChildren(ContainerBase.java:1301)
	at org.apache.catalina.core.ContainerBase$ContainerBackgroundProcessor.processChildren(ContainerBase.java:1305)
	at org.apache.catalina.core.ContainerBase$ContainerBackgroundProcessor.processChildren(ContainerBase.java:1305)
	at org.apache.catalina.core.ContainerBase$ContainerBackgroundProcessor.run(ContainerBase.java:1283)
	at java.base/java.util.concurrent.Executors$RunnableAdapter.call(Executors.java:539)
	at java.base/java.util.concurrent.FutureTask.runAndReset(FutureTask.java:305)
	at java.base/java.util.concurrent.ScheduledThreadPoolExecutor$ScheduledFutureTask.run(ScheduledThreadPoolExecutor.java:305)
	at java.base/java.util.concurrent.ThreadPoolExecutor.runWorker(ThreadPoolExecutor.java:1136)
	at java.base/java.util.concurrent.ThreadPoolExecutor$Worker.run(ThreadPoolExecutor.java:635)
	at org.apache.tomcat.util.threads.TaskThread$WrappingRunnable.run(TaskThread.java:61)
	at java.base/java.lang.Thread.run(Thread.java:833)
Caused by: org.springframework.beans.BeanInstantiationException: Failed to instantiate [com.angkko.controller.BoardController]: Factory method 'boardController' threw exception; nested exception is java.lang.Error: Unresolved compilation problems: 
	Syntax error, insert "}" to complete ClassBody
	Syntax error on token ")", { expected after this token

	at org.springframework.beans.factory.support.SimpleInstantiationStrategy.instantiate(SimpleInstantiationStrategy.java:185)
	at org.springframework.beans.factory.support.ConstructorResolver.instantiate(ConstructorResolver.java:653)
	... 39 common frames omitted
Caused by: java.lang.Error: Unresolved compilation problems: 
	Syntax error, insert "}" to complete ClassBody
	Syntax error on token ")", { expected after this token

	at com.angkko.controller.BoardController.<init>(BoardController.java:87)
	at com.angkko.config.BoardConfig.boardController(BoardConfig.java:31)
	at com.angkko.config.BoardConfig$$EnhancerBySpringCGLIB$$3cc292da.CGLIB$boardController$1(<generated>)
	at com.angkko.config.BoardConfig$$EnhancerBySpringCGLIB$$3cc292da$$FastClassBySpringCGLIB$$111bbf66.invoke(<generated>)
	at org.springframework.cglib.proxy.MethodProxy.invokeSuper(MethodProxy.java:244)
	at org.springframework.context.annotation.ConfigurationClassEnhancer$BeanMethodInterceptor.intercept(ConfigurationClassEnhancer.java:331)
	at com.angkko.config.BoardConfig$$EnhancerBySpringCGLIB$$3cc292da.boardController(<generated>)
	at java.base/jdk.internal.reflect.NativeMethodAccessorImpl.invoke0(Native Method)
	at java.base/jdk.internal.reflect.NativeMethodAccessorImpl.invoke(NativeMethodAccessorImpl.java:77)
	at java.base/jdk.internal.reflect.DelegatingMethodAccessorImpl.invoke(DelegatingMethodAccessorImpl.java:43)
	at java.base/java.lang.reflect.Method.invoke(Method.java:568)
	at org.springframework.beans.factory.support.SimpleInstantiationStrategy.instantiate(SimpleInstantiationStrategy.java:154)
	... 40 common frames omitted
[2023-09-13 16:26:38:368][Catalina-utility-1] [INFO ] o.s.web.servlet.DispatcherServlet - Initializing Servlet 'dispatcher'
[2023-09-13 16:26:39:1439][Catalina-utility-1] [WARN ] o.s.w.c.s.AnnotationConfigWebApplicationContext - Exception encountered during context initialization - cancelling refresh attempt: org.springframework.beans.factory.BeanCreationException: Error creating bean with name 'boardController' defined in com.angkko.config.BoardConfig: Bean instantiation via factory method failed; nested exception is org.springframework.beans.BeanInstantiationException: Failed to instantiate [com.angkko.controller.BoardController]: Factory method 'boardController' threw exception; nested exception is java.lang.Error: Unresolved compilation problems: 
	Syntax error, insert "}" to complete ClassBody
	Syntax error on token ")", { expected after this token

[2023-09-13 16:26:39:1441][Catalina-utility-1] [ERROR] o.s.web.servlet.DispatcherServlet - Context initialization failed
org.springframework.beans.factory.BeanCreationException: Error creating bean with name 'boardController' defined in com.angkko.config.BoardConfig: Bean instantiation via factory method failed; nested exception is org.springframework.beans.BeanInstantiationException: Failed to instantiate [com.angkko.controller.BoardController]: Factory method 'boardController' threw exception; nested exception is java.lang.Error: Unresolved compilation problems: 
	Syntax error, insert "}" to complete ClassBody
	Syntax error on token ")", { expected after this token

	at org.springframework.beans.factory.support.ConstructorResolver.instantiate(ConstructorResolver.java:658)
	at org.springframework.beans.factory.support.ConstructorResolver.instantiateUsingFactoryMethod(ConstructorResolver.java:486)
	at org.springframework.beans.factory.support.AbstractAutowireCapableBeanFactory.instantiateUsingFactoryMethod(AbstractAutowireCapableBeanFactory.java:1352)
	at org.springframework.beans.factory.support.AbstractAutowireCapableBeanFactory.createBeanInstance(AbstractAutowireCapableBeanFactory.java:1195)
	at org.springframework.beans.factory.support.AbstractAutowireCapableBeanFactory.doCreateBean(AbstractAutowireCapableBeanFactory.java:582)
	at org.springframework.beans.factory.support.AbstractAutowireCapableBeanFactory.createBean(AbstractAutowireCapableBeanFactory.java:542)
	at org.springframework.beans.factory.support.AbstractBeanFactory.lambda$doGetBean$0(AbstractBeanFactory.java:335)
	at org.springframework.beans.factory.support.DefaultSingletonBeanRegistry.getSingleton(DefaultSingletonBeanRegistry.java:234)
	at org.springframework.beans.factory.support.AbstractBeanFactory.doGetBean(AbstractBeanFactory.java:333)
	at org.springframework.beans.factory.support.AbstractBeanFactory.getBean(AbstractBeanFactory.java:208)
	at org.springframework.beans.factory.support.DefaultListableBeanFactory.preInstantiateSingletons(DefaultListableBeanFactory.java:955)
	at org.springframework.context.support.AbstractApplicationContext.finishBeanFactoryInitialization(AbstractApplicationContext.java:921)
	at org.springframework.context.support.AbstractApplicationContext.refresh(AbstractApplicationContext.java:583)
	at org.springframework.web.servlet.FrameworkServlet.configureAndRefreshWebApplicationContext(FrameworkServlet.java:702)
	at org.springframework.web.servlet.FrameworkServlet.createWebApplicationContext(FrameworkServlet.java:668)
	at org.springframework.web.servlet.FrameworkServlet.createWebApplicationContext(FrameworkServlet.java:716)
	at org.springframework.web.servlet.FrameworkServlet.initWebApplicationContext(FrameworkServlet.java:591)
	at org.springframework.web.servlet.FrameworkServlet.initServletBean(FrameworkServlet.java:530)
	at org.springframework.web.servlet.HttpServletBean.init(HttpServletBean.java:170)
	at javax.servlet.GenericServlet.init(GenericServlet.java:143)
	at org.apache.catalina.core.StandardWrapper.initServlet(StandardWrapper.java:1106)
	at org.apache.catalina.core.StandardWrapper.loadServlet(StandardWrapper.java:1063)
	at org.apache.catalina.core.StandardWrapper.load(StandardWrapper.java:960)
	at org.apache.catalina.core.StandardContext.loadOnStartup(StandardContext.java:4641)
	at org.apache.catalina.core.StandardContext.startInternal(StandardContext.java:4948)
	at org.apache.catalina.util.LifecycleBase.start(LifecycleBase.java:171)
	at org.apache.catalina.core.StandardContext.reload(StandardContext.java:3581)
	at org.apache.catalina.loader.WebappLoader.backgroundProcess(WebappLoader.java:309)
	at org.apache.catalina.core.StandardContext.backgroundProcess(StandardContext.java:5276)
	at org.apache.catalina.core.ContainerBase$ContainerBackgroundProcessor.processChildren(ContainerBase.java:1301)
	at org.apache.catalina.core.ContainerBase$ContainerBackgroundProcessor.processChildren(ContainerBase.java:1305)
	at org.apache.catalina.core.ContainerBase$ContainerBackgroundProcessor.processChildren(ContainerBase.java:1305)
	at org.apache.catalina.core.ContainerBase$ContainerBackgroundProcessor.run(ContainerBase.java:1283)
	at java.base/java.util.concurrent.Executors$RunnableAdapter.call(Executors.java:539)
	at java.base/java.util.concurrent.FutureTask.runAndReset(FutureTask.java:305)
	at java.base/java.util.concurrent.ScheduledThreadPoolExecutor$ScheduledFutureTask.run(ScheduledThreadPoolExecutor.java:305)
	at java.base/java.util.concurrent.ThreadPoolExecutor.runWorker(ThreadPoolExecutor.java:1136)
	at java.base/java.util.concurrent.ThreadPoolExecutor$Worker.run(ThreadPoolExecutor.java:635)
	at org.apache.tomcat.util.threads.TaskThread$WrappingRunnable.run(TaskThread.java:61)
	at java.base/java.lang.Thread.run(Thread.java:833)
Caused by: org.springframework.beans.BeanInstantiationException: Failed to instantiate [com.angkko.controller.BoardController]: Factory method 'boardController' threw exception; nested exception is java.lang.Error: Unresolved compilation problems: 
	Syntax error, insert "}" to complete ClassBody
	Syntax error on token ")", { expected after this token

	at org.springframework.beans.factory.support.SimpleInstantiationStrategy.instantiate(SimpleInstantiationStrategy.java:185)
	at org.springframework.beans.factory.support.ConstructorResolver.instantiate(ConstructorResolver.java:653)
	... 39 common frames omitted
Caused by: java.lang.Error: Unresolved compilation problems: 
	Syntax error, insert "}" to complete ClassBody
	Syntax error on token ")", { expected after this token

	at com.angkko.controller.BoardController.<init>(BoardController.java:89)
	at com.angkko.config.BoardConfig.boardController(BoardConfig.java:31)
	at com.angkko.config.BoardConfig$$EnhancerBySpringCGLIB$$bc683697.CGLIB$boardController$1(<generated>)
	at com.angkko.config.BoardConfig$$EnhancerBySpringCGLIB$$bc683697$$FastClassBySpringCGLIB$$d6fac4d5.invoke(<generated>)
	at org.springframework.cglib.proxy.MethodProxy.invokeSuper(MethodProxy.java:244)
	at org.springframework.context.annotation.ConfigurationClassEnhancer$BeanMethodInterceptor.intercept(ConfigurationClassEnhancer.java:331)
	at com.angkko.config.BoardConfig$$EnhancerBySpringCGLIB$$bc683697.boardController(<generated>)
	at java.base/jdk.internal.reflect.NativeMethodAccessorImpl.invoke0(Native Method)
	at java.base/jdk.internal.reflect.NativeMethodAccessorImpl.invoke(NativeMethodAccessorImpl.java:77)
	at java.base/jdk.internal.reflect.DelegatingMethodAccessorImpl.invoke(DelegatingMethodAccessorImpl.java:43)
	at java.base/java.lang.reflect.Method.invoke(Method.java:568)
	at org.springframework.beans.factory.support.SimpleInstantiationStrategy.instantiate(SimpleInstantiationStrategy.java:154)
	... 40 common frames omitted
[2023-09-13 16:27:37:396][Catalina-utility-1] [INFO ] o.s.web.servlet.DispatcherServlet - Initializing Servlet 'dispatcher'
[2023-09-13 16:27:38:1458][Catalina-utility-1] [WARN ] o.s.w.c.s.AnnotationConfigWebApplicationContext - Exception encountered during context initialization - cancelling refresh attempt: org.springframework.beans.factory.BeanCreationException: Error creating bean with name 'boardController' defined in com.angkko.config.BoardConfig: Bean instantiation via factory method failed; nested exception is org.springframework.beans.BeanInstantiationException: Failed to instantiate [com.angkko.controller.BoardController]: Factory method 'boardController' threw exception; nested exception is java.lang.Error: Unresolved compilation problems: 
	Syntax error, insert "}" to complete ClassBody
	Syntax error on token ")", { expected after this token

[2023-09-13 16:27:38:1461][Catalina-utility-1] [ERROR] o.s.web.servlet.DispatcherServlet - Context initialization failed
org.springframework.beans.factory.BeanCreationException: Error creating bean with name 'boardController' defined in com.angkko.config.BoardConfig: Bean instantiation via factory method failed; nested exception is org.springframework.beans.BeanInstantiationException: Failed to instantiate [com.angkko.controller.BoardController]: Factory method 'boardController' threw exception; nested exception is java.lang.Error: Unresolved compilation problems: 
	Syntax error, insert "}" to complete ClassBody
	Syntax error on token ")", { expected after this token

	at org.springframework.beans.factory.support.ConstructorResolver.instantiate(ConstructorResolver.java:658)
	at org.springframework.beans.factory.support.ConstructorResolver.instantiateUsingFactoryMethod(ConstructorResolver.java:486)
	at org.springframework.beans.factory.support.AbstractAutowireCapableBeanFactory.instantiateUsingFactoryMethod(AbstractAutowireCapableBeanFactory.java:1352)
	at org.springframework.beans.factory.support.AbstractAutowireCapableBeanFactory.createBeanInstance(AbstractAutowireCapableBeanFactory.java:1195)
	at org.springframework.beans.factory.support.AbstractAutowireCapableBeanFactory.doCreateBean(AbstractAutowireCapableBeanFactory.java:582)
	at org.springframework.beans.factory.support.AbstractAutowireCapableBeanFactory.createBean(AbstractAutowireCapableBeanFactory.java:542)
	at org.springframework.beans.factory.support.AbstractBeanFactory.lambda$doGetBean$0(AbstractBeanFactory.java:335)
	at org.springframework.beans.factory.support.DefaultSingletonBeanRegistry.getSingleton(DefaultSingletonBeanRegistry.java:234)
	at org.springframework.beans.factory.support.AbstractBeanFactory.doGetBean(AbstractBeanFactory.java:333)
	at org.springframework.beans.factory.support.AbstractBeanFactory.getBean(AbstractBeanFactory.java:208)
	at org.springframework.beans.factory.support.DefaultListableBeanFactory.preInstantiateSingletons(DefaultListableBeanFactory.java:955)
	at org.springframework.context.support.AbstractApplicationContext.finishBeanFactoryInitialization(AbstractApplicationContext.java:921)
	at org.springframework.context.support.AbstractApplicationContext.refresh(AbstractApplicationContext.java:583)
	at org.springframework.web.servlet.FrameworkServlet.configureAndRefreshWebApplicationContext(FrameworkServlet.java:702)
	at org.springframework.web.servlet.FrameworkServlet.createWebApplicationContext(FrameworkServlet.java:668)
	at org.springframework.web.servlet.FrameworkServlet.createWebApplicationContext(FrameworkServlet.java:716)
	at org.springframework.web.servlet.FrameworkServlet.initWebApplicationContext(FrameworkServlet.java:591)
	at org.springframework.web.servlet.FrameworkServlet.initServletBean(FrameworkServlet.java:530)
	at org.springframework.web.servlet.HttpServletBean.init(HttpServletBean.java:170)
	at javax.servlet.GenericServlet.init(GenericServlet.java:143)
	at org.apache.catalina.core.StandardWrapper.initServlet(StandardWrapper.java:1106)
	at org.apache.catalina.core.StandardWrapper.loadServlet(StandardWrapper.java:1063)
	at org.apache.catalina.core.StandardWrapper.load(StandardWrapper.java:960)
	at org.apache.catalina.core.StandardContext.loadOnStartup(StandardContext.java:4641)
	at org.apache.catalina.core.StandardContext.startInternal(StandardContext.java:4948)
	at org.apache.catalina.util.LifecycleBase.start(LifecycleBase.java:171)
	at org.apache.catalina.core.StandardContext.reload(StandardContext.java:3581)
	at org.apache.catalina.loader.WebappLoader.backgroundProcess(WebappLoader.java:309)
	at org.apache.catalina.core.StandardContext.backgroundProcess(StandardContext.java:5276)
	at org.apache.catalina.core.ContainerBase$ContainerBackgroundProcessor.processChildren(ContainerBase.java:1301)
	at org.apache.catalina.core.ContainerBase$ContainerBackgroundProcessor.processChildren(ContainerBase.java:1305)
	at org.apache.catalina.core.ContainerBase$ContainerBackgroundProcessor.processChildren(ContainerBase.java:1305)
	at org.apache.catalina.core.ContainerBase$ContainerBackgroundProcessor.run(ContainerBase.java:1283)
	at java.base/java.util.concurrent.Executors$RunnableAdapter.call(Executors.java:539)
	at java.base/java.util.concurrent.FutureTask.runAndReset(FutureTask.java:305)
	at java.base/java.util.concurrent.ScheduledThreadPoolExecutor$ScheduledFutureTask.run(ScheduledThreadPoolExecutor.java:305)
	at java.base/java.util.concurrent.ThreadPoolExecutor.runWorker(ThreadPoolExecutor.java:1136)
	at java.base/java.util.concurrent.ThreadPoolExecutor$Worker.run(ThreadPoolExecutor.java:635)
	at org.apache.tomcat.util.threads.TaskThread$WrappingRunnable.run(TaskThread.java:61)
	at java.base/java.lang.Thread.run(Thread.java:833)
Caused by: org.springframework.beans.BeanInstantiationException: Failed to instantiate [com.angkko.controller.BoardController]: Factory method 'boardController' threw exception; nested exception is java.lang.Error: Unresolved compilation problems: 
	Syntax error, insert "}" to complete ClassBody
	Syntax error on token ")", { expected after this token

	at org.springframework.beans.factory.support.SimpleInstantiationStrategy.instantiate(SimpleInstantiationStrategy.java:185)
	at org.springframework.beans.factory.support.ConstructorResolver.instantiate(ConstructorResolver.java:653)
	... 39 common frames omitted
Caused by: java.lang.Error: Unresolved compilation problems: 
	Syntax error, insert "}" to complete ClassBody
	Syntax error on token ")", { expected after this token

	at com.angkko.controller.BoardController.<init>(BoardController.java:92)
	at com.angkko.config.BoardConfig.boardController(BoardConfig.java:31)
	at com.angkko.config.BoardConfig$$EnhancerBySpringCGLIB$$a801f14c.CGLIB$boardController$1(<generated>)
	at com.angkko.config.BoardConfig$$EnhancerBySpringCGLIB$$a801f14c$$FastClassBySpringCGLIB$$81e50783.invoke(<generated>)
	at org.springframework.cglib.proxy.MethodProxy.invokeSuper(MethodProxy.java:244)
	at org.springframework.context.annotation.ConfigurationClassEnhancer$BeanMethodInterceptor.intercept(ConfigurationClassEnhancer.java:331)
	at com.angkko.config.BoardConfig$$EnhancerBySpringCGLIB$$a801f14c.boardController(<generated>)
	at java.base/jdk.internal.reflect.NativeMethodAccessorImpl.invoke0(Native Method)
	at java.base/jdk.internal.reflect.NativeMethodAccessorImpl.invoke(NativeMethodAccessorImpl.java:77)
	at java.base/jdk.internal.reflect.DelegatingMethodAccessorImpl.invoke(DelegatingMethodAccessorImpl.java:43)
	at java.base/java.lang.reflect.Method.invoke(Method.java:568)
	at org.springframework.beans.factory.support.SimpleInstantiationStrategy.instantiate(SimpleInstantiationStrategy.java:154)
	... 40 common frames omitted
[2023-09-13 16:27:50:426][Catalina-utility-2] [INFO ] o.s.web.servlet.DispatcherServlet - Initializing Servlet 'dispatcher'
[2023-09-13 16:27:51:1504][Catalina-utility-2] [INFO ] o.s.web.servlet.DispatcherServlet - Completed initialization in 1078 ms
[2023-09-13 16:36:57:379][Catalina-utility-1] [INFO ] o.s.web.servlet.DispatcherServlet - Initializing Servlet 'dispatcher'
[2023-09-13 16:36:58:1402][Catalina-utility-1] [INFO ] o.s.web.servlet.DispatcherServlet - Completed initialization in 1023 ms
